# JRE version: Java(TM) SE Runtime Environment (8.0_311-b11) (build 1.8.0_311-b11)
# Java VM: Java HotSpot(TM) Client VM (25.311-b11 mixed mode windows-x86 )
Heap:
 def new generation   total 7552K, used 6868K [0x04c00000, 0x05430000, 0x0a150000)
  eden space 6720K, 100% used [0x04c00000, 0x05290000, 0x05290000)
  from space 832K,  17% used [0x05290000, 0x052b5158, 0x05360000)
  to   space 832K,   0% used [0x05360000, 0x05360000, 0x05430000)
 tenured generation   total 16672K, used 12528K [0x0a150000, 0x0b198000, 0x14c00000)
   the space 16672K,  75% used [0x0a150000, 0x0ad8c2b0, 0x0ad8c400, 0x0b198000)
 Metaspace       used 12342K, capacity 12557K, committed 12672K, reserved 12672K
GC Heap History (10 events):
Event: 18.544 GC heap before
{Heap before GC invocations=128 (full 1):
 def new generation   total 7552K, used 7110K [0x04c00000, 0x05430000, 0x0a150000)
  eden space 6720K, 100% used [0x04c00000, 0x05290000, 0x05290000)
  from space 832K,  46% used [0x05360000, 0x053c1b70, 0x05430000)
  to   space 832K,   0% used [0x05290000, 0x05290000, 0x05360000)
 tenured generation   total 16672K, used 12463K [0x0a150000, 0x0b198000, 0x14c00000)
   the space 16672K,  74% used [0x0a150000, 0x0ad7bd18, 0x0ad7be00, 0x0b198000)
 Metaspace       used 12265K, capacity 12520K, committed 12672K, reserved 12672K
Event: 18.545 GC heap after
Heap after GC invocations=129 (full 1):
 def new generation   total 7552K, used 277K [0x04c00000, 0x05430000, 0x0a150000)
  eden space 6720K,   0% used [0x04c00000, 0x04c00000, 0x05290000)
  from space 832K,  33% used [0x05290000, 0x052d56c8, 0x05360000)
  to   space 832K,   0% used [0x05360000, 0x05360000, 0x05430000)
 tenured generation   total 16672K, used 12466K [0x0a150000, 0x0b198000, 0x14c00000)
   the space 16672K,  74% used [0x0a150000, 0x0ad7c978, 0x0ad7ca00, 0x0b198000)
 Metaspace       used 12265K, capacity 12520K, committed 12672K, reserved 12672K
}
Event: 19.739 GC heap before
{Heap before GC invocations=129 (full 1):
 def new generation   total 7552K, used 6997K [0x04c00000, 0x05430000, 0x0a150000)
  eden space 6720K, 100% used [0x04c00000, 0x05290000, 0x05290000)
  from space 832K,  33% used [0x05290000, 0x052d56c8, 0x05360000)
  to   space 832K,   0% used [0x05360000, 0x05360000, 0x05430000)
 tenured generation   total 16672K, used 12466K [0x0a150000, 0x0b198000, 0x14c00000)
   the space 16672K,  74% used [0x0a150000, 0x0ad7c978, 0x0ad7ca00, 0x0b198000)
 Metaspace       used 12265K, capacity 12520K, committed 12672K, reserved 12672K
Event: 19.740 GC heap after
Heap after GC invocations=130 (full 1):
 def new generation   total 7552K, used 548K [0x04c00000, 0x05430000, 0x0a150000)
  eden space 6720K,   0% used [0x04c00000, 0x04c00000, 0x05290000)
  from space 832K,  65% used [0x05360000, 0x053e9290, 0x05430000)
  to   space 832K,   0% used [0x05290000, 0x05290000, 0x05360000)
 tenured generation   total 16672K, used 12469K [0x0a150000, 0x0b198000, 0x14c00000)
   the space 16672K,  74% used [0x0a150000, 0x0ad7d5d8, 0x0ad7d600, 0x0b198000)
 Metaspace       used 12265K, capacity 12520K, committed 12672K, reserved 12672K
}
Event: 20.804 GC heap before
{Heap before GC invocations=130 (full 1):
 def new generation   total 7552K, used 7268K [0x04c00000, 0x05430000, 0x0a150000)
  eden space 6720K, 100% used [0x04c00000, 0x05290000, 0x05290000)
  from space 832K,  65% used [0x05360000, 0x053e9290, 0x05430000)
  to   space 832K,   0% used [0x05290000, 0x05290000, 0x05360000)
 tenured generation   total 16672K, used 12469K [0x0a150000, 0x0b198000, 0x14c00000)
   the space 16672K,  74% used [0x0a150000, 0x0ad7d5d8, 0x0ad7d600, 0x0b198000)
 Metaspace       used 12267K, capacity 12520K, committed 12672K, reserved 12672K
Event: 20.805 GC heap after
Heap after GC invocations=131 (full 1):
 def new generation   total 7552K, used 27K [0x04c00000, 0x05430000, 0x0a150000)
  eden space 6720K,   0% used [0x04c00000, 0x04c00000, 0x05290000)
  from space 832K,   3% used [0x05290000, 0x05296ea0, 0x05360000)
  to   space 832K,   0% used [0x05360000, 0x05360000, 0x05430000)
 tenured generation   total 16672K, used 12528K [0x0a150000, 0x0b198000, 0x14c00000)
   the space 16672K,  75% used [0x0a150000, 0x0ad8c2b0, 0x0ad8c400, 0x0b198000)
 Metaspace       used 12267K, capacity 12520K, committed 12672K, reserved 12672K
}
Event: 20.830 GC heap before
{Heap before GC invocations=131 (full 1):
 def new generation   total 7552K, used 6747K [0x04c00000, 0x05430000, 0x0a150000)
  eden space 6720K, 100% used [0x04c00000, 0x05290000, 0x05290000)
  from space 832K,   3% used [0x05290000, 0x05296ea0, 0x05360000)
  to   space 832K,   0% used [0x05360000, 0x05360000, 0x05430000)
 tenured generation   total 16672K, used 12528K [0x0a150000, 0x0b198000, 0x14c00000)
   the space 16672K,  75% used [0x0a150000, 0x0ad8c2b0, 0x0ad8c400, 0x0b198000)
 Metaspace       used 12267K, capacity 12520K, committed 12672K, reserved 12672K
Event: 20.830 GC heap after
Heap after GC invocations=132 (full 1):
 def new generation   total 7552K, used 22K [0x04c00000, 0x05430000, 0x0a150000)
  eden space 6720K,   0% used [0x04c00000, 0x04c00000, 0x05290000)
  from space 832K,   2% used [0x05360000, 0x05365908, 0x05430000)
  to   space 832K,   0% used [0x05290000, 0x05290000, 0x05360000)
 tenured generation   total 16672K, used 12528K [0x0a150000, 0x0b198000, 0x14c00000)
   the space 16672K,  75% used [0x0a150000, 0x0ad8c2b0, 0x0ad8c400, 0x0b198000)
 Metaspace       used 12267K, capacity 12520K, committed 12672K, reserved 12672K
}
Event: 34.491 GC heap before
{Heap before GC invocations=132 (full 1):
 def new generation   total 7552K, used 6742K [0x04c00000, 0x05430000, 0x0a150000)
  eden space 6720K, 100% used [0x04c00000, 0x05290000, 0x05290000)
  from space 832K,   2% used [0x05360000, 0x05365908, 0x05430000)
  to   space 832K,   0% used [0x05290000, 0x05290000, 0x05360000)
 tenured generation   total 16672K, used 12528K [0x0a150000, 0x0b198000, 0x14c00000)
   the space 16672K,  75% used [0x0a150000, 0x0ad8c2b0, 0x0ad8c400, 0x0b198000)
 Metaspace       used 12315K, capacity 12552K, committed 12672K, reserved 12672K
Event: 34.493 GC heap after
Heap after GC invocations=133 (full 1):
 def new generation   total 7552K, used 148K [0x04c00000, 0x05430000, 0x0a150000)
  eden space 6720K,   0% used [0x04c00000, 0x04c00000, 0x05290000)
  from space 832K,  17% used [0x05290000, 0x052b5158, 0x05360000)
  to   space 832K,   0% used [0x05360000, 0x05360000, 0x05430000)
 tenured generation   total 16672K, used 12528K [0x0a150000, 0x0b198000, 0x14c00000)
   the space 16672K,  75% used [0x0a150000, 0x0ad8c2b0, 0x0ad8c400, 0x0b198000)
 Metaspace       used 12315K, capacity 12552K, committed 12672K, reserved 12672K
}

